<?xml version="1.0" encoding="UTF-8"?>
<!-- Generated by org.testng.reporters.JUnitReportReporter -->
<testsuite skipped="0" hostname="LOXTIPL0012680" name="cleartrip.automation.BookFlight" tests="1" failures="0" timestamp="24 Jun 2019 07:11:49 GMT" time="2.421" errors="0">
  <testcase name="search_flight_OneWay" time="2.421" classname="cleartrip.automation.BookFlight"/>
</testsuite> <!-- cleartrip.automation.BookFlight -->
