<?xml version="1.0" encoding="UTF-8"?>
<!-- Generated by org.testng.reporters.JUnitReportReporter -->
<testsuite skipped="0" hostname="LOXTIPL0012680" name="cleartrip.automation.LoginNSerach" tests="4" failures="0" timestamp="22 Jun 2019 17:51:36 GMT" time="86.173" errors="0">
  <testcase name="NavigatToLogin" time="6.871" classname="cleartrip.automation.LoginNSerach"/>
  <testcase name="LoginWithValidCredentials" time="17.704" classname="cleartrip.automation.LoginNSerach"/>
  <testcase name="HotelSearch" time="42.856" classname="cleartrip.automation.LoginNSerach"/>
  <testcase name="ViewAndSelectHotel" time="18.742" classname="cleartrip.automation.LoginNSerach"/>
</testsuite> <!-- cleartrip.automation.LoginNSerach -->
